Performing C SOURCE FILE Test CMAKE_HAVE_LIBC_PTHREAD failed with the following output:
Change Dir: /home/edgar/cpphomework/first-term/vector/cmake-build-release/CMakeFiles/CMakeTmp

Run Build Command(s):/usr/bin/make cmTC_5d66b/fast && /usr/bin/make -f CMakeFiles/cmTC_5d66b.dir/build.make CMakeFiles/cmTC_5d66b.dir/build
make[1]: вход в каталог «/home/edgar/cpphomework/first-term/vector/cmake-build-release/CMakeFiles/CMakeTmp»
Building C object CMakeFiles/cmTC_5d66b.dir/src.c.o
/usr/bin/cc   -DCMAKE_HAVE_LIBC_PTHREAD   -o CMakeFiles/cmTC_5d66b.dir/src.c.o   -c /home/edgar/cpphomework/first-term/vector/cmake-build-release/CMakeFiles/CMakeTmp/src.c
Linking C executable cmTC_5d66b
/opt/clion/bin/cmake/linux/bin/cmake -E cmake_link_script CMakeFiles/cmTC_5d66b.dir/link.txt --verbose=1
/usr/bin/cc  -DCMAKE_HAVE_LIBC_PTHREAD    -rdynamic CMakeFiles/cmTC_5d66b.dir/src.c.o  -o cmTC_5d66b 
/usr/bin/ld: CMakeFiles/cmTC_5d66b.dir/src.c.o: в функции «main»:
src.c:(.text+0x3e): неопределённая ссылка на «pthread_create»
/usr/bin/ld: src.c:(.text+0x4a): неопределённая ссылка на «pthread_detach»
/usr/bin/ld: src.c:(.text+0x5b): неопределённая ссылка на «pthread_join»
collect2: ошибка: выполнение ld завершилось с кодом возврата 1
make[1]: *** [CMakeFiles/cmTC_5d66b.dir/build.make:87: cmTC_5d66b] Ошибка 1
make[1]: выход из каталога «/home/edgar/cpphomework/first-term/vector/cmake-build-release/CMakeFiles/CMakeTmp»
make: *** [Makefile:121: cmTC_5d66b/fast] Ошибка 2


Source file was:
#include <pthread.h>

void* test_func(void* data)
{
  return data;
}

int main(void)
{
  pthread_t thread;
  pthread_create(&thread, NULL, test_func, NULL);
  pthread_detach(thread);
  pthread_join(thread, NULL);
  pthread_atfork(NULL, NULL, NULL);
  pthread_exit(NULL);

  return 0;
}

Determining if the function pthread_create exists in the pthreads failed with the following output:
Change Dir: /home/edgar/cpphomework/first-term/vector/cmake-build-release/CMakeFiles/CMakeTmp

Run Build Command(s):/usr/bin/make cmTC_3fff2/fast && /usr/bin/make -f CMakeFiles/cmTC_3fff2.dir/build.make CMakeFiles/cmTC_3fff2.dir/build
make[1]: вход в каталог «/home/edgar/cpphomework/first-term/vector/cmake-build-release/CMakeFiles/CMakeTmp»
Building C object CMakeFiles/cmTC_3fff2.dir/CheckFunctionExists.c.o
/usr/bin/cc   -DCHECK_FUNCTION_EXISTS=pthread_create   -o CMakeFiles/cmTC_3fff2.dir/CheckFunctionExists.c.o   -c /opt/clion/bin/cmake/linux/share/cmake-3.16/Modules/CheckFunctionExists.c
Linking C executable cmTC_3fff2
/opt/clion/bin/cmake/linux/bin/cmake -E cmake_link_script CMakeFiles/cmTC_3fff2.dir/link.txt --verbose=1
/usr/bin/cc  -DCHECK_FUNCTION_EXISTS=pthread_create    -rdynamic CMakeFiles/cmTC_3fff2.dir/CheckFunctionExists.c.o  -o cmTC_3fff2  -lpthreads 
/usr/bin/ld: невозможно найти -lpthreads
collect2: ошибка: выполнение ld завершилось с кодом возврата 1
make[1]: *** [CMakeFiles/cmTC_3fff2.dir/build.make:87: cmTC_3fff2] Ошибка 1
make[1]: выход из каталога «/home/edgar/cpphomework/first-term/vector/cmake-build-release/CMakeFiles/CMakeTmp»
make: *** [Makefile:121: cmTC_3fff2/fast] Ошибка 2



